0 info it worked if it ends with ok
1 verbose cli [ 'D:\\ProgramFiles\\node-v7.1.0\\node.exe',
1 verbose cli   'D:\\ProgramFiles\\node-v7.1.0\\node_modules\\npm\\bin\\npm-cli.js',
1 verbose cli   'run',
1 verbose cli   'electron-start' ]
2 info using npm@3.10.9
3 info using node@v7.1.0
4 verbose run-script [ 'preelectron-start', 'electron-start', 'postelectron-start' ]
5 info lifecycle fhflow@1.0.0~preelectron-start: fhflow@1.0.0
6 silly lifecycle fhflow@1.0.0~preelectron-start: no script for preelectron-start, continuing
7 info lifecycle fhflow@1.0.0~electron-start: fhflow@1.0.0
8 verbose lifecycle fhflow@1.0.0~electron-start: unsafe-perm in lifecycle true
9 verbose lifecycle fhflow@1.0.0~electron-start: PATH: D:\ProgramFiles\node-v7.1.0\node_modules\npm\bin\node-gyp-bin;D:\mygit\fhflow\node_modules\.bin;C:\Windows\system32;C:\Windows;C:\Windows\System32\Wbem;C:\Windows\System32\WindowsPowerShell\v1.0\;D:\ProgramFiles\mongodb\bin;D:\Program Files\Git\bin;D:\ProgramFiles\node-v7.1.0;D:\ProgramFiles\Ruby24-x64\bin;d:\Program Files (x86)\Microsoft VS Code\bin;D:\Program Files\nodejs\node_modules;C:\Users\xk\AppData\Roaming\npm
10 verbose lifecycle fhflow@1.0.0~electron-start: CWD: D:\mygit\fhflow
11 silly lifecycle fhflow@1.0.0~electron-start: Args: [ '/d /s /c', 'electron build/electron/app.js' ]
12 silly lifecycle fhflow@1.0.0~electron-start: Returned: code: 1  signal: null
13 info lifecycle fhflow@1.0.0~electron-start: Failed to exec electron-start script
14 verbose stack Error: fhflow@1.0.0 electron-start: `electron build/electron/app.js`
14 verbose stack Exit status 1
14 verbose stack     at EventEmitter.<anonymous> (D:\ProgramFiles\node-v7.1.0\node_modules\npm\lib\utils\lifecycle.js:255:16)
14 verbose stack     at emitTwo (events.js:106:13)
14 verbose stack     at EventEmitter.emit (events.js:191:7)
14 verbose stack     at ChildProcess.<anonymous> (D:\ProgramFiles\node-v7.1.0\node_modules\npm\lib\utils\spawn.js:40:14)
14 verbose stack     at emitTwo (events.js:106:13)
14 verbose stack     at ChildProcess.emit (events.js:191:7)
14 verbose stack     at maybeClose (internal/child_process.js:885:16)
14 verbose stack     at Process.ChildProcess._handle.onexit (internal/child_process.js:226:5)
15 verbose pkgid fhflow@1.0.0
16 verbose cwd D:\mygit\fhflow
17 error Windows_NT 6.1.7601
18 error argv "D:\\ProgramFiles\\node-v7.1.0\\node.exe" "D:\\ProgramFiles\\node-v7.1.0\\node_modules\\npm\\bin\\npm-cli.js" "run" "electron-start"
19 error node v7.1.0
20 error npm  v3.10.9
21 error code ELIFECYCLE
22 error fhflow@1.0.0 electron-start: `electron build/electron/app.js`
22 error Exit status 1
23 error Failed at the fhflow@1.0.0 electron-start script 'electron build/electron/app.js'.
23 error Make sure you have the latest version of node.js and npm installed.
23 error If you do, this is most likely a problem with the fhflow package,
23 error not with npm itself.
23 error Tell the author that this fails on your system:
23 error     electron build/electron/app.js
23 error You can get information on how to open an issue for this project with:
23 error     npm bugs fhflow
23 error Or if that isn't available, you can get their info via:
23 error     npm owner ls fhflow
23 error There is likely additional logging output above.
24 verbose exit [ 1, true ]
